<?xml version="1.0" encoding="UTF-8"?><testsuite errors="0" failures="0" name="Run CRUD operation on BestBuy API" skipped="0" tests="4" time="9.23" timestamp="2022-01-26T00:24:04.498Z[Europe/London]"><testcase name="User can run successful CRUD operation on store details"/><testcase name="User can run successful CRUD operation on product details"/><testcase name="User can run successful CRUD operation on service records"/><testcase name="User can run successful CRUD operation on category records"/></testsuite>